[00:38:46] [Server thread/INFO]: Stopping the server
[00:38:46] [Server thread/INFO]: Stopping server
[00:38:46] [Server thread/INFO]: [PlayerCarry] Disabling PlayerCarry v1.1
[00:38:46] [Server thread/INFO]: [AxGraves] Disabling AxGraves v1.16.0
[00:38:46] [Server thread/ERROR]: Error occurred while disabling AxGraves v1.16.0
java.lang.NullPointerException: Cannot invoke "com.artillexstudios.axgraves.libs.axapi.packetentity.PacketEntity.remove()" because the return value of "com.artillexstudios.axgraves.grave.Grave.getEntity()" is null
	at AxGraves-1.16.0.jar/com.artillexstudios.axgraves.AxGraves.disable(AxGraves.java:71) ~[AxGraves-1.16.0.jar:?]
	at AxGraves-1.16.0.jar/com.artillexstudios.axgraves.libs.axapi.AxPlugin.onDisable(AxPlugin.java:133) ~[AxGraves-1.16.0.jar:?]
	at org.bukkit.plugin.java.JavaPlugin.setEnabled(JavaPlugin.java:291) ~[paper-api-1.21-R0.1-SNAPSHOT.jar:?]
	at io.papermc.paper.plugin.manager.PaperPluginInstanceManager.disablePlugin(PaperPluginInstanceManager.java:237) ~[paper-1.21.jar:1.21-130-b1b5d4c]
	at io.papermc.paper.plugin.manager.PaperPluginInstanceManager.disablePlugins(PaperPluginInstanceManager.java:161) ~[paper-1.21.jar:1.21-130-b1b5d4c]
	at io.papermc.paper.plugin.manager.PaperPluginManagerImpl.disablePlugins(PaperPluginManagerImpl.java:97) ~[paper-1.21.jar:1.21-130-b1b5d4c]
	at org.bukkit.plugin.SimplePluginManager.disablePlugins(SimplePluginManager.java:541) ~[paper-api-1.21-R0.1-SNAPSHOT.jar:?]
	at org.bukkit.craftbukkit.CraftServer.disablePlugins(CraftServer.java:609) ~[paper-1.21.jar:1.21-130-b1b5d4c]
	at net.minecraft.server.MinecraftServer.stopServer(MinecraftServer.java:1046) ~[paper-1.21.jar:1.21-130-b1b5d4c]
	at net.minecraft.server.dedicated.DedicatedServer.stopServer(DedicatedServer.java:847) ~[paper-1.21.jar:1.21-130-b1b5d4c]
	at net.minecraft.server.MinecraftServer.runServer(MinecraftServer.java:1353) ~[paper-1.21.jar:1.21-130-b1b5d4c]
	at net.minecraft.server.MinecraftServer.lambda$spin$0(MinecraftServer.java:330) ~[paper-1.21.jar:1.21-130-b1b5d4c]
	at java.base/java.lang.Thread.run(Thread.java:1583) ~[?:?]
[00:38:46] [Server thread/INFO]: [Sethome-Yottaka] Disabling Sethome-Yottaka v1.20.1
[00:38:46] [Server thread/INFO]: [Veinminer] Disabling Veinminer v2.2.1
[00:38:46] [Server thread/INFO]: [InstantRestock] Disabling InstantRestock v2.4.5
[00:38:46] [Server thread/INFO]: [Sit] Disabling Sit v1.7.1
[00:38:46] [Server thread/INFO]: [AuraSkills] Disabling AuraSkills v2.2.6
[00:38:46] [Server thread/INFO]: [QualityArmory] Disabling QualityArmory v2.0.16
[00:38:46] [Server thread/INFO]: [SkinsRestorer] Disabling SkinsRestorer v15.4.4
[00:38:46] [Server thread/INFO]: [PersonalShrinkingDevice] Disabling PersonalShrinkingDevice v1.0
[00:38:46] [Server thread/INFO]: [Minepacks] Disabling Minepacks v2.4.31.4-T20240629215752
[00:38:47] [Server thread/INFO]: [at.pcgamingfreaks.MinepacksStandalone.libs.com.zaxxer.hikari.HikariDataSource] Minepacks-Connection-Pool - Shutdown initiated...
[00:38:47] [Server thread/INFO]: [at.pcgamingfreaks.MinepacksStandalone.libs.com.zaxxer.hikari.HikariDataSource] Minepacks-Connection-Pool - Shutdown completed.
[00:38:47] [Server thread/INFO]: [Minepacks]  Minepacks has been disabled.  :( 
[00:38:47] [Server thread/INFO]: [Superheroes] Disabling Superheroes v6.1.5
[00:38:47] [Server thread/INFO]: [KnockbackSync] Disabling KnockbackSync v1.3.2
[00:38:47] [Server thread/INFO]: [GodItems] Disabling GodItems v3.0.1
[00:38:47] [Server thread/INFO]: [GodItems] Saved player inventories: true
[00:38:47] [Server thread/INFO]: [LaggRemover] Disabling LaggRemover v2.0.6
[00:38:47] [Server thread/INFO]: [LaggRemover] LaggRemover has been disabled!
[00:38:47] [Server thread/INFO]: [UberEnchant] Disabling UberEnchant v8.11.4
[00:38:47] [Server thread/INFO]: [Chunky] Disabling Chunky v1.4.28
[00:38:47] [Server thread/INFO]: [SuperEnchants] Disabling SuperEnchants v2.6.7
[00:38:47] [Server thread/INFO]: [CrazyEnchantments] Disabling CrazyEnchantments v2.4.1
[00:38:47] [Server thread/INFO]: Saving players
[00:38:47] [Server thread/INFO]: Saving worlds
[00:38:47] [Server thread/INFO]: Saving chunks for level 'ServerLevel[world]'/minecraft:overworld
[00:38:47] [Server thread/INFO]: [ChunkHolderManager] Waiting 60s for chunk system to halt for world 'world'
[00:38:47] [Server thread/INFO]: [ChunkHolderManager] Halted chunk system for world 'world'
[00:38:47] [Server thread/INFO]: [ChunkHolderManager] Saving all chunkholders for world 'world'
[00:38:47] [Server thread/INFO]: [ChunkHolderManager] Saved 0 block chunks, 112 entity chunks, 0 poi chunks in world 'world' in 0.03s
[00:38:47] [Server thread/INFO]: Saving chunks for level 'ServerLevel[world_nether]'/minecraft:the_nether
[00:38:47] [Server thread/INFO]: [ChunkHolderManager] Waiting 60s for chunk system to halt for world 'world_nether'
[00:38:47] [Server thread/INFO]: [ChunkHolderManager] Halted chunk system for world 'world_nether'
[00:38:47] [Server thread/INFO]: [ChunkHolderManager] Saving all chunkholders for world 'world_nether'
[00:38:47] [Server thread/INFO]: [ChunkHolderManager] Saved 0 block chunks, 1 entity chunks, 0 poi chunks in world 'world_nether' in 0.00s
[00:38:47] [Server thread/INFO]: Saving chunks for level 'ServerLevel[world_the_end]'/minecraft:the_end
[00:38:47] [Server thread/INFO]: [ChunkHolderManager] Waiting 60s for chunk system to halt for world 'world_the_end'
[00:38:47] [Server thread/INFO]: [ChunkHolderManager] Halted chunk system for world 'world_the_end'
[00:38:47] [Server thread/INFO]: [ChunkHolderManager] Saving all chunkholders for world 'world_the_end'
[00:38:47] [Server thread/INFO]: [ChunkHolderManager] Saved 0 block chunks, 10 entity chunks, 0 poi chunks in world 'world_the_end' in 0.00s
[00:38:47] [Server thread/INFO]: ThreadedAnvilChunkStorage (world): All chunks are saved
[00:38:47] [Server thread/INFO]: ThreadedAnvilChunkStorage (DIM-1): All chunks are saved
[00:38:47] [Server thread/INFO]: ThreadedAnvilChunkStorage (DIM1): All chunks are saved
[00:38:47] [Server thread/INFO]: ThreadedAnvilChunkStorage: All dimensions are saved
